2020-04-07 18:38:04.599  INFO 14100 --- [main] com.game.mygamepro.MygameproApplication  : Starting MygameproApplication on PC-201911121213 with PID 14100 (E:\test\target\classes started by Administrator in E:\test)
2020-04-07 18:38:04.610  INFO 14100 --- [main] com.game.mygamepro.MygameproApplication  : No active profile set, falling back to default profiles: default
2020-04-07 18:38:05.422  INFO 14100 --- [main] .s.d.r.c.RepositoryConfigurationDelegate : Bootstrapping Spring Data JPA repositories in DEFAULT mode.
2020-04-07 18:38:05.502  INFO 14100 --- [main] .s.d.r.c.RepositoryConfigurationDelegate : Finished Spring Data repository scanning in 64ms. Found 2 JPA repository interfaces.
2020-04-07 18:38:05.993  INFO 14100 --- [main] o.s.b.w.embedded.tomcat.TomcatWebServer  : Tomcat initialized with port(s): 8080 (http)
2020-04-07 18:38:06.001  INFO 14100 --- [main] o.apache.catalina.core.StandardService   : Starting service [Tomcat]
2020-04-07 18:38:06.002  INFO 14100 --- [main] org.apache.catalina.core.StandardEngine  : Starting Servlet engine: [Apache Tomcat/9.0.33]
2020-04-07 18:38:06.209  INFO 14100 --- [main] o.a.c.c.C.[Tomcat].[localhost].[/]       : Initializing Spring embedded WebApplicationContext
2020-04-07 18:38:06.210  INFO 14100 --- [main] o.s.web.context.ContextLoader            : Root WebApplicationContext: initialization completed in 1554 ms
2020-04-07 18:38:06.473  INFO 14100 --- [main] o.hibernate.jpa.internal.util.LogHelper  : HHH000204: Processing PersistenceUnitInfo [name: default]
2020-04-07 18:38:06.537  INFO 14100 --- [main] org.hibernate.Version                    : HHH000412: Hibernate ORM core version 5.4.12.Final
2020-04-07 18:38:06.629  INFO 14100 --- [main] o.hibernate.annotations.common.Version   : HCANN000001: Hibernate Commons Annotations {5.1.0.Final}
2020-04-07 18:38:06.704  INFO 14100 --- [main] com.zaxxer.hikari.HikariDataSource       : HikariPool-1 - Starting...
2020-04-07 18:38:06.994  INFO 14100 --- [main] com.zaxxer.hikari.HikariDataSource       : HikariPool-1 - Start completed.
2020-04-07 18:38:07.008  INFO 14100 --- [main] org.hibernate.dialect.Dialect            : HHH000400: Using dialect: org.hibernate.dialect.MySQL8Dialect
2020-04-07 18:38:12.088  INFO 14100 --- [main] o.h.e.t.j.p.i.JtaPlatformInitiator       : HHH000490: Using JtaPlatform implementation: [org.hibernate.engine.transaction.jta.platform.internal.NoJtaPlatform]
2020-04-07 18:38:12.096  INFO 14100 --- [main] j.LocalContainerEntityManagerFactoryBean : Initialized JPA EntityManagerFactory for persistence unit 'default'
2020-04-07 18:38:12.398  WARN 14100 --- [main] JpaBaseConfiguration$JpaWebConfiguration : spring.jpa.open-in-view is enabled by default. Therefore, database queries may be performed during view rendering. Explicitly configure spring.jpa.open-in-view to disable this warning
2020-04-07 18:38:12.511  INFO 14100 --- [main] o.s.s.concurrent.ThreadPoolTaskExecutor  : Initializing ExecutorService 'applicationTaskExecutor'
2020-04-07 18:38:12.563  INFO 14100 --- [main] o.s.b.a.w.s.WelcomePageHandlerMapping    : Adding welcome page template: index
2020-04-07 18:38:13.060  INFO 14100 --- [main] o.s.b.w.embedded.tomcat.TomcatWebServer  : Tomcat started on port(s): 8080 (http) with context path ''
2020-04-07 18:38:13.063  INFO 14100 --- [main] com.game.mygamepro.MygameproApplication  : Started MygameproApplication in 8.942 seconds (JVM running for 9.979)
